<?xml version="1.0" encoding="UTF-8"?>
<!-- Generated by org.testng.reporters.JUnitReportReporter -->
<testsuite skipped="0" hostname="DESKTOP-QA08F2F" name="TestNG_Parameter.Multip" tests="1" failures="0" timestamp="14 Nov 2022 08:38:23 GMT" time="0.000" errors="0">
  <testcase name="Multi" time="0.000" classname="TestNG_Parameter.Multip"/>
</testsuite> <!-- TestNG_Parameter.Multip -->
