<?xml version="1.0" encoding="UTF-8"?>
<!-- Generated by org.testng.reporters.JUnitReportReporter -->
<testsuite skipped="0" hostname="DESKTOP-QA08F2F" name="TestNG_Parameter.Addition" tests="1" failures="0" timestamp="14 Nov 2022 08:38:23 GMT" time="0.008" errors="0">
  <testcase name="add" time="0.008" classname="TestNG_Parameter.Addition"/>
</testsuite> <!-- TestNG_Parameter.Addition -->
