<?xml version="1.0" encoding="UTF-8"?>
<!-- Generated by org.testng.reporters.JUnitReportReporter -->
<testsuite skipped="0" hostname="DESKTOP-QA08F2F" name="TestNGAnnotation.testng" tests="1" failures="0" timestamp="14 Nov 2022 08:02:51 GMT" time="0.001" errors="0">
  <testcase name="display" time="0.001" classname="TestNGAnnotation.testng"/>
</testsuite> <!-- TestNGAnnotation.testng -->
