<?xml version="1.0" encoding="UTF-8"?>
<!-- Generated by org.testng.reporters.JUnitReportReporter -->
<testsuite skipped="0" hostname="DESKTOP-QA08F2F" name="TestNGAnnotation.Demo" tests="1" failures="0" timestamp="07 Dec 2022 13:00:44 GMT" time="10.370" errors="0">
  <testcase name="displayIphoneHighestPrice" time="10.370" classname="TestNGAnnotation.Demo"/>
</testsuite> <!-- TestNGAnnotation.Demo -->
